Arguments: 
  C:\Program Files\nodejs\node.exe C:\Users\sparrow\AppData\Roaming\npm\node_modules\yarn\bin\yarn.js add -D eslint babel-eslint

PATH: 
  C:\Program Files\WindowsApps\Microsoft.PowerShell_7.3.9.0_x64__8wekyb3d8bbwe;C:\Python311\Scripts\;C:\Python311\;C:\Python310\Scripts\;C:\Python310\;C:\Windows\system32;C:\Windows;C:\Windows\System32\Wbem;C:\Windows\System32\WindowsPowerShell\v1.0\;C:\Windows\System32\OpenSSH\;C:\Program Files\NVIDIA Corporation\NVIDIA NvDLISR;C:\Program Files (x86)\NVIDIA Corporation\PhysX\Common;C:\WINDOWS\system32;C:\WINDOWS;C:\WINDOWS\System32\Wbem;C:\WINDOWS\System32\WindowsPowerShell\v1.0\;C:\WINDOWS\System32\OpenSSH\;C:\ProgramData\chocolatey\bin;C:\Program Files\Git\cmd;C:\Program Files\dotnet\;C:\Program Files\PuTTY\;C:\Program Files\Microsoft SQL Server\150\Tools\Binn\;C:\Program Files\Microsoft SQL Server\Client SDK\ODBC\170\Tools\Binn\;C:\Program Files (x86)\Microsoft SQL Server\160\Tools\Binn\;C:\Program Files\Microsoft SQL Server\160\Tools\Binn\;C:\Program Files\Microsoft SQL Server\160\DTS\Binn\;C:\Program Files (x86)\Microsoft SQL Server\150\DTS\Binn\;C:\Program Files\Azure Data Studio\bin;C:\Program Files\Docker\Docker\resources\bin;C:\Program Files\nodejs\;C:\Users\sparrow\AppData\Local\Microsoft\WindowsApps;C:\Program Files (x86)\Nmap;C:\Users\sparrow\AppData\Local\Programs\Microsoft VS Code\bin;C:\Users\sparrow\.dotnet\tools;C:\Users\sparrow\AppData\Local\Programs\oh-my-posh\bin;C:\Program Files\Azure Data Studio\bin;C:\Users\sparrow\AppData\Roaming\npm

Yarn version: 
  1.22.19

Node version: 
  18.17.0

Platform: 
  win32 x64

Trace: 
  Error: EPERM: operation not permitted, unlink 'D:\Documents\boomslag corp\uridium\node_modules\@nomicfoundation\solidity-analyzer-win32-x64-msvc\solidity-analyzer.win32-x64-msvc.node'

npm manifest: 
  {
    "name": "uridiumprotocol",
    "version": "1.0.0",
    "description": "",
    "main": "index.js",
    "scripts": {
      "test": "echo \"Error: no test specified\" && exit 1"
    },
    "keywords": [],
    "author": "",
    "license": "ISC",
    "devDependencies": {
      "@nomicfoundation/hardhat-toolbox": "^2.0.1",
      "dotenv": "^16.0.3",
      "hardhat": "^2.12.6"
    },
    "dependencies": {
      "@chainlink/contracts": "^0.6.1",
      "@openzeppelin/contracts": "^4.8.2",
      "chai": "^4.3.7",
      "node-fetch": "^3.3.1",
      "web3": "^1.8.2"
    }
  }

yarn manifest: 
  No manifest

Lockfile: 
  No lockfile
